2025-01-17 21:08:00 | INFO | repo=auction | action=commit
2025-07-21 08:42:00 | INFO | repo=auction | action=commit
2025-03-07 07:49:00 | INFO | repo=auction | action=pull
2025-07-15 07:58:00 | DEBUG | repo=auction | action=commit
2025-04-04 08:32:00 | INFO | repo=auction | action=commit
2025-10-04 09:48:00 | INFO | repo=auction | action=commit
2025-10-10 18:00:00 | WARN | repo=auction | action=edit | files=1
2025-01-06 08:44:00 | INFO | repo=auction | action=commit
2025-10-09 19:14:00 | WARN | repo=auction | action=commit
2025-04-13 08:50:00 | WARN | repo=auction | action=commit
2025-03-17 18:58:00 | INFO | repo=auction | action=commit
2025-04-12 07:35:00 | DEBUG | repo=auction | action=pull
2025-11-01 12:28:00 | INFO | repo=auction | action=commit
2025-05-08 12:01:00 | DEBUG | repo=auction | action=commit
2025-02-07 08:11:00 | DEBUG | repo=auction | action=commit
2025-01-23 15:47:00 | INFO | repo=auction | action=commit
2025-08-03 21:01:00 | INFO | repo=auction | action=commit
2025-05-15 18:29:00 | INFO | repo=auction | action=commit
2025-12-27 09:17:00 | WARN | repo=auction | action=commit
2025-05-04 19:07:00 | WARN | repo=auction | action=commit
2025-12-24 16:24:00 | DEBUG | repo=auction | action=commit
2025-12-12 21:52:00 | INFO | repo=auction | action=commit
2025-10-15 19:28:00 | INFO | repo=auction | action=commit
2025-03-21 07:59:00 | INFO | repo=auction | action=commit
2025-03-25 18:20:00 | INFO | repo=auction | action=commit
2025-07-03 16:36:00 | DEBUG | repo=auction | action=test | passed=true
2025-12-28 21:38:00 | DEBUG | repo=auction | action=test | passed=true
2025-07-25 14:06:00 | INFO | repo=auction | action=commit
2025-01-22 20:15:00 | DEBUG | repo=auction | action=commit
2025-05-05 09:40:00 | INFO | repo=auction | action=commit
2025-10-02 19:27:00 | WARN | repo=auction | action=commit
2025-05-12 07:00:00 | WARN | repo=auction | action=commit
2025-05-03 08:32:00 | WARN | repo=auction | action=commit
2025-03-22 09:26:00 | WARN | repo=auction | action=commit
2025-06-18 20:42:00 | DEBUG | repo=auction | action=commit
2025-09-22 08:18:00 | WARN | repo=auction | action=pull
2025-02-01 09:18:00 | WARN | repo=auction | action=commit
2025-05-26 09:24:00 | INFO | repo=auction | action=commit
2025-04-27 08:40:00 | INFO | repo=auction | action=commit
2025-11-19 09:24:00 | DEBUG | repo=auction | action=commit
2025-07-13 18:53:00 | INFO | repo=auction | action=commit
2025-10-03 07:52:00 | DEBUG | repo=auction | action=commit
2025-04-16 10:39:00 | INFO | repo=auction | action=commit
2025-09-03 07:09:00 | INFO | repo=auction | action=commit
2025-02-27 21:33:00 | WARN | repo=auction | action=commit
2025-02-09 14:57:00 | WARN | repo=auction | action=commit
2025-07-17 07:54:00 | WARN | repo=auction | action=edit | files=1
2025-12-28 21:27:00 | INFO | repo=auction | action=commit
2025-12-14 07:12:00 | DEBUG | repo=auction | action=commit
2025-09-06 20:18:00 | WARN | repo=auction | action=commit
2025-03-26 07:50:00 | WARN | repo=auction | action=commit
2025-05-07 14:14:00 | DEBUG | repo=auction | action=commit
2025-08-15 14:36:00 | DEBUG | repo=auction | action=commit
2025-12-01 08:27:00 | DEBUG | repo=auction | action=commit
2025-01-24 11:29:00 | INFO | repo=auction | action=commit
2025-08-11 07:44:00 | DEBUG | repo=auction | action=commit
2025-05-11 21:51:00 | WARN | repo=auction | action=commit
